Using pre-set license
Built from '2020.3/release' branch; Version is '2020.3.2f1 (8fd9074bf66c) revision 9427207'; Using compiler version '192528614'; Build Type 'Release'
OS: 'Windows 10 Pro; OS build 19041.867; Version 2004; 64bit' Language: 'en' Physical Memory: 16332 MB
BatchMode: 1, IsHumanControllingUs: 0, StartBugReporterOnCrash: 0, Is64bit: 1, IsPro: 0

 COMMAND LINE ARGUMENTS:
C:\Program Files\Unity\Hub\Editor\2020.3.2f1\Editor\Unity.exe
-adb2
-batchMode
-noUpm
-name
AssetImportWorker0
-projectPath
C:/Users/oresp/Documents/GitHub/Ball-prototype/New Unity Project
-logFile
Logs/AssetImportWorker0.log
-srvPort
50298
Successfully changed project path to: C:/Users/oresp/Documents/GitHub/Ball-prototype/New Unity Project
C:/Users/oresp/Documents/GitHub/Ball-prototype/New Unity Project
Using Asset Import Pipeline V2.
Refreshing native plugins compatible for Editor in 20.31 ms, found 0 plugins.
Preloading 0 native plugins for Editor in 0.00 ms.
Initialize engine version: 2020.3.2f1 (8fd9074bf66c)
[Subsystems] Discovering subsystems at path C:/Program Files/Unity/Hub/Editor/2020.3.2f1/Editor/Data/Resources/UnitySubsystems
[Subsystems] Discovering subsystems at path C:/Users/oresp/Documents/GitHub/Ball-prototype/New Unity Project/Assets
GfxDevice: creating device client; threaded=0
Direct3D:
    Version:  Direct3D 11.0 [level 11.1]
    Renderer: NVIDIA GeForce GTX 1050 Ti (ID=0x1c82)
    Vendor:   
    VRAM:     4018 MB
    Driver:   27.21.14.5671
Initialize mono
Mono path[0] = 'C:/Program Files/Unity/Hub/Editor/2020.3.2f1/Editor/Data/Managed'
Mono path[1] = 'C:/Program Files/Unity/Hub/Editor/2020.3.2f1/Editor/Data/MonoBleedingEdge/lib/mono/unityjit'
Mono config path = 'C:/Program Files/Unity/Hub/Editor/2020.3.2f1/Editor/Data/MonoBleedingEdge/etc'
Using monoOptions --debugger-agent=transport=dt_socket,embedding=1,server=y,suspend=n,address=127.0.0.1:56940
Begin MonoManager ReloadAssembly
Registering precompiled unity dll's ...
Register platform support module: C:/Program Files/Unity/Hub/Editor/2020.3.2f1/Editor/Data/PlaybackEngines/WebGLSupport/UnityEditor.WebGL.Extensions.dll
Register platform support module: C:/Program Files/Unity/Hub/Editor/2020.3.2f1/Editor/Data/PlaybackEngines/WindowsStandaloneSupport/UnityEditor.WindowsStandalone.Extensions.dll
Registered in 0.002195 seconds.
Native extension for WindowsStandalone target not found
Native extension for WebGL target not found
Refreshing native plugins compatible for Editor in 20.27 ms, found 0 plugins.
Preloading 0 native plugins for Editor in 0.00 ms.
Invoked RoslynAnalysisRunner static constructor.
RoslynAnalysisRunner will not be running.
RoslynAnalysisRunner has terminated.
Mono: successfully reloaded assembly
- Completed reload, in  1.003 seconds
Platform modules already initialized, skipping
Registering precompiled user dll's ...
Registered in 0.000718 seconds.
Begin MonoManager ReloadAssembly
Native extension for WindowsStandalone target not found
Native extension for WebGL target not found
Refreshing native plugins compatible for Editor in 0.24 ms, found 0 plugins.
Preloading 0 native plugins for Editor in 0.00 ms.
Invoked RoslynAnalysisRunner static constructor.
RoslynAnalysisRunner will not be running.
RoslynAnalysisRunner has terminated.
Mono: successfully reloaded assembly
- Completed reload, in  0.693 seconds
Platform modules already initialized, skipping
========================================================================
Worker process is ready to serve import requests
Launched and connected shader compiler UnityShaderCompiler.exe after 0.04 seconds
Refreshing native plugins compatible for Editor in 0.32 ms, found 0 plugins.
Preloading 0 native plugins for Editor in 0.00 ms.
Unloading 1115 Unused Serialized files (Serialized files now loaded: 0)
System memory in use before: 57.1 MB.
System memory in use after: 57.2 MB.

Unloading 10 unused Assets to reduce memory usage. Loaded Objects now: 1557.
Total: 2.241700 ms (FindLiveObjects: 0.217200 ms CreateObjectMapping: 0.037000 ms MarkObjects: 1.902200 ms  DeleteObjects: 0.083800 ms)

========================================================================
Received Import Request.
  path: Assets
  artifactKey: Guid(00000000000000001000000000000000) Importer(815301076,1909f56bfc062723c751e8b465ee728b)
Start importing Assets using Guid(00000000000000001000000000000000) Importer(815301076,1909f56bfc062723c751e8b465ee728b)  -> (artifact id: '819a33a9bd799f71faca6db75e8a216c') in 0.012458 seconds
  Import took 0.015121 seconds .

========================================================================
Received Import Request.
  Time since last request: 144.721472 seconds.
  path: Assets/Scripts
  artifactKey: Guid(0813ee2128e29934bb19b89d987faf79) Importer(815301076,1909f56bfc062723c751e8b465ee728b)
Start importing Assets/Scripts using Guid(0813ee2128e29934bb19b89d987faf79) Importer(815301076,1909f56bfc062723c751e8b465ee728b)  -> (artifact id: 'd63be8b42fd832904161d094dd930b00') in 0.007824 seconds
  Import took 0.011255 seconds .

========================================================================
Received Import Request.
  Time since last request: 8.438904 seconds.
  path: Assets/Textures
  artifactKey: Guid(d18e34fab2bdcda4a8b9257b1a21c5c5) Importer(815301076,1909f56bfc062723c751e8b465ee728b)
Start importing Assets/Textures using Guid(d18e34fab2bdcda4a8b9257b1a21c5c5) Importer(815301076,1909f56bfc062723c751e8b465ee728b)  -> (artifact id: 'd602547be3f5c53a0a7fd170dece690c') in 0.006947 seconds
  Import took 0.008805 seconds .

========================================================================
Received Import Request.
  Time since last request: 40.913162 seconds.
  path: Assets/Materials
  artifactKey: Guid(ba9328d0c34caaf46904d5d8930f4c67) Importer(815301076,1909f56bfc062723c751e8b465ee728b)
Start importing Assets/Materials using Guid(ba9328d0c34caaf46904d5d8930f4c67) Importer(815301076,1909f56bfc062723c751e8b465ee728b)  -> (artifact id: '8530d15242b406b9d2f962868931b08c') in 0.008648 seconds
  Import took 0.011276 seconds .

========================================================================
Received Import Request.
  Time since last request: 0.637968 seconds.
  path: Assets/Scenes
  artifactKey: Guid(fa235ba28157b284e9b6906e207706d0) Importer(815301076,1909f56bfc062723c751e8b465ee728b)
Start importing Assets/Scenes using Guid(fa235ba28157b284e9b6906e207706d0) Importer(815301076,1909f56bfc062723c751e8b465ee728b)  -> (artifact id: '0c1db1952b2c11e3f0b7f2cc7c19422f') in 0.007503 seconds
  Import took 0.010176 seconds .

========================================================================
Received Import Request.
  Time since last request: 10.338913 seconds.
  path: Assets/Models
  artifactKey: Guid(78fb4ff028877d546ba5b6c795b11098) Importer(815301076,1909f56bfc062723c751e8b465ee728b)
Start importing Assets/Models using Guid(78fb4ff028877d546ba5b6c795b11098) Importer(815301076,1909f56bfc062723c751e8b465ee728b)  -> (artifact id: '09ffedaf2a96b800266f748648227139') in 0.008662 seconds
  Import took 0.011545 seconds .

========================================================================
Received Import Request.
  Time since last request: 39.093654 seconds.
  path: Assets/Textures/mich_blur.jpg
  artifactKey: Guid(33be8d0ff7d5d354c8bfb43357d99027) Importer(815301076,1909f56bfc062723c751e8b465ee728b)
Start importing Assets/Textures/mich_blur.jpg using Guid(33be8d0ff7d5d354c8bfb43357d99027) Importer(815301076,1909f56bfc062723c751e8b465ee728b)  -> (artifact id: 'e13ef5186587a36a7a8eee1f36f6f5e1') in 0.093817 seconds
  Import took 0.096661 seconds .

